Checking whether the ASM compiler is GNU using "--version" did not match "(GNU assembler)|(GCC)|(Free Software Foundation)":
Apple LLVM version 9.1.0 (clang-902.0.39.2)
Target: x86_64-apple-darwin17.7.0
Thread model: posix
InstalledDir: /Library/Developer/CommandLineTools/usr/bin
Checking whether the ASM compiler is HP using "-V" did not match "HP C":
clang: error: argument to '-V' is missing (expected 1 value)
clang: error: no input files
Checking whether the ASM compiler is Intel using "--version" did not match "(ICC)":
Apple LLVM version 9.1.0 (clang-902.0.39.2)
Target: x86_64-apple-darwin17.7.0
Thread model: posix
InstalledDir: /Library/Developer/CommandLineTools/usr/bin
Checking whether the ASM compiler is SunPro using "-V" did not match "Sun C":
clang: error: argument to '-V' is missing (expected 1 value)
clang: error: no input files
Checking whether the ASM compiler is XL using "-qversion" did not match "XL C":
clang: error: unknown argument: '-qversion'
clang: error: no input files
Checking whether the ASM compiler is MSVC using "/?" did not match "Microsoft":
clang: error: no such file or directory: '/?'
clang: error: no input files
Checking whether the ASM compiler is TI using "-h" did not match "Texas Instruments":
clang: error: unknown argument: '-h'
clang: error: no input files
Checking whether the ASM compiler is IAR using "" did not match "IAR Assembler":
clang: error: no input files
Checking whether the ASM compiler is ARMCC using "" did not match "(ARM Compiler)|(ARM Assembler)":
clang: error: no input files
Checking whether the ASM compiler is NASM using "-v" did not match "(NASM version)":
Apple LLVM version 9.1.0 (clang-902.0.39.2)
Target: x86_64-apple-darwin17.7.0
Thread model: posix
InstalledDir: /Library/Developer/CommandLineTools/usr/bin
Checking whether the ASM compiler is YASM using "--version" did not match "(yasm)":
Apple LLVM version 9.1.0 (clang-902.0.39.2)
Target: x86_64-apple-darwin17.7.0
Thread model: posix
InstalledDir: /Library/Developer/CommandLineTools/usr/bin
Checking whether the ASM compiler is ADSP using "-version" did not match "Analog Devices":
clang: error: unknown argument: '-version'
clang: error: no input files
Performing C++ SOURCE FILE Test HAVE_FALLOCATE failed with the following output:
Change Dir: /Users/luisocampo/Downloads/TENGUX/build/rocksdb/CMakeFiles/CMakeTmp

Run Build Command:"/usr/bin/make" "cmTC_e71dd/fast"
/Library/Developer/CommandLineTools/usr/bin/make -f CMakeFiles/cmTC_e71dd.dir/build.make CMakeFiles/cmTC_e71dd.dir/build
Building CXX object CMakeFiles/cmTC_e71dd.dir/src.cxx.o
/Library/Developer/CommandLineTools/usr/bin/c++    -W -Wextra -Wall -Wsign-compare -Wshadow -Wno-unused-parameter -Wno-unused-variable -Woverloaded-virtual -Wnon-virtual-dtor -Wno-missing-field-initializers -Wno-strict-aliasing -std=c++11 -O2 -fno-omit-frame-pointer -momit-leaf-frame-pointer -Werror -DHAVE_FALLOCATE   -o CMakeFiles/cmTC_e71dd.dir/src.cxx.o -c /Users/luisocampo/Downloads/TENGUX/build/rocksdb/CMakeFiles/CMakeTmp/src.cxx
/Users/luisocampo/Downloads/TENGUX/build/rocksdb/CMakeFiles/CMakeTmp/src.cxx:3:10: fatal error: 'linux/falloc.h' file not found
#include <linux/falloc.h>
         ^~~~~~~~~~~~~~~~
1 error generated.
make[1]: *** [CMakeFiles/cmTC_e71dd.dir/src.cxx.o] Error 1
make: *** [cmTC_e71dd/fast] Error 2

Source file was:

#include <fcntl.h>
#include <linux/falloc.h>
int main() {
 int fd = open("/dev/null", 0);
 fallocate(fd, FALLOC_FL_KEEP_SIZE | FALLOC_FL_PUNCH_HOLE, 0, 1024);
}

Performing C++ SOURCE FILE Test HAVE_SYNC_FILE_RANGE_WRITE failed with the following output:
Change Dir: /Users/luisocampo/Downloads/TENGUX/build/rocksdb/CMakeFiles/CMakeTmp

Run Build Command:"/usr/bin/make" "cmTC_09e73/fast"
/Library/Developer/CommandLineTools/usr/bin/make -f CMakeFiles/cmTC_09e73.dir/build.make CMakeFiles/cmTC_09e73.dir/build
Building CXX object CMakeFiles/cmTC_09e73.dir/src.cxx.o
/Library/Developer/CommandLineTools/usr/bin/c++    -W -Wextra -Wall -Wsign-compare -Wshadow -Wno-unused-parameter -Wno-unused-variable -Woverloaded-virtual -Wnon-virtual-dtor -Wno-missing-field-initializers -Wno-strict-aliasing -std=c++11 -O2 -fno-omit-frame-pointer -momit-leaf-frame-pointer -Werror -DHAVE_SYNC_FILE_RANGE_WRITE   -o CMakeFiles/cmTC_09e73.dir/src.cxx.o -c /Users/luisocampo/Downloads/TENGUX/build/rocksdb/CMakeFiles/CMakeTmp/src.cxx
/Users/luisocampo/Downloads/TENGUX/build/rocksdb/CMakeFiles/CMakeTmp/src.cxx:5:32: error: use of undeclared identifier 'SYNC_FILE_RANGE_WRITE'
  sync_file_range(fd, 0, 1024, SYNC_FILE_RANGE_WRITE);
                               ^
1 error generated.
make[1]: *** [CMakeFiles/cmTC_09e73.dir/src.cxx.o] Error 1
make: *** [cmTC_09e73/fast] Error 2

Source file was:

#include <fcntl.h>
int main() {
  int fd = open("/dev/null", 0);
  sync_file_range(fd, 0, 1024, SYNC_FILE_RANGE_WRITE);
}

Performing C++ SOURCE FILE Test HAVE_PTHREAD_MUTEX_ADAPTIVE_NP failed with the following output:
Change Dir: /Users/luisocampo/Downloads/TENGUX/build/rocksdb/CMakeFiles/CMakeTmp

Run Build Command:"/usr/bin/make" "cmTC_a1e06/fast"
/Library/Developer/CommandLineTools/usr/bin/make -f CMakeFiles/cmTC_a1e06.dir/build.make CMakeFiles/cmTC_a1e06.dir/build
Building CXX object CMakeFiles/cmTC_a1e06.dir/src.cxx.o
/Library/Developer/CommandLineTools/usr/bin/c++    -W -Wextra -Wall -Wsign-compare -Wshadow -Wno-unused-parameter -Wno-unused-variable -Woverloaded-virtual -Wnon-virtual-dtor -Wno-missing-field-initializers -Wno-strict-aliasing -std=c++11 -O2 -fno-omit-frame-pointer -momit-leaf-frame-pointer -Werror -DHAVE_PTHREAD_MUTEX_ADAPTIVE_NP   -o CMakeFiles/cmTC_a1e06.dir/src.cxx.o -c /Users/luisocampo/Downloads/TENGUX/build/rocksdb/CMakeFiles/CMakeTmp/src.cxx
/Users/luisocampo/Downloads/TENGUX/build/rocksdb/CMakeFiles/CMakeTmp/src.cxx:4:10: error: use of undeclared identifier 'PTHREAD_MUTEX_ADAPTIVE_NP'
  (void) PTHREAD_MUTEX_ADAPTIVE_NP;
         ^
1 error generated.
make[1]: *** [CMakeFiles/cmTC_a1e06.dir/src.cxx.o] Error 1
make: *** [cmTC_a1e06/fast] Error 2

Source file was:

#include <pthread.h>
int main() {
  (void) PTHREAD_MUTEX_ADAPTIVE_NP;
}

Determining if the malloc_usable_size exist failed with the following output:
Change Dir: /Users/luisocampo/Downloads/TENGUX/build/rocksdb/CMakeFiles/CMakeTmp

Run Build Command:"/usr/bin/make" "cmTC_29998/fast"
/Library/Developer/CommandLineTools/usr/bin/make -f CMakeFiles/cmTC_29998.dir/build.make CMakeFiles/cmTC_29998.dir/build
Building CXX object CMakeFiles/cmTC_29998.dir/CheckSymbolExists.cxx.o
/Library/Developer/CommandLineTools/usr/bin/c++    -W -Wextra -Wall -Wsign-compare -Wshadow -Wno-unused-parameter -Wno-unused-variable -Woverloaded-virtual -Wnon-virtual-dtor -Wno-missing-field-initializers -Wno-strict-aliasing -std=c++11 -O2 -fno-omit-frame-pointer -momit-leaf-frame-pointer -Werror    -o CMakeFiles/cmTC_29998.dir/CheckSymbolExists.cxx.o -c /Users/luisocampo/Downloads/TENGUX/build/rocksdb/CMakeFiles/CMakeTmp/CheckSymbolExists.cxx
/Users/luisocampo/Downloads/TENGUX/build/rocksdb/CMakeFiles/CMakeTmp/CheckSymbolExists.cxx:2:10: fatal error: 'malloc.h' file not found
#include <malloc.h>
         ^~~~~~~~~~
1 error generated.
make[1]: *** [CMakeFiles/cmTC_29998.dir/CheckSymbolExists.cxx.o] Error 1
make: *** [cmTC_29998/fast] Error 2

File /Users/luisocampo/Downloads/TENGUX/build/rocksdb/CMakeFiles/CMakeTmp/CheckSymbolExists.cxx:
/* */
#include <malloc.h>

int main(int argc, char** argv)
{
  (void)argv;
#ifndef malloc_usable_size
  return ((int*)(&malloc_usable_size))[argc];
#else
  (void)argc;
  return 0;
#endif
}

Determining if the sched_getcpu exist failed with the following output:
Change Dir: /Users/luisocampo/Downloads/TENGUX/build/rocksdb/CMakeFiles/CMakeTmp

Run Build Command:"/usr/bin/make" "cmTC_58f92/fast"
/Library/Developer/CommandLineTools/usr/bin/make -f CMakeFiles/cmTC_58f92.dir/build.make CMakeFiles/cmTC_58f92.dir/build
Building CXX object CMakeFiles/cmTC_58f92.dir/CheckSymbolExists.cxx.o
/Library/Developer/CommandLineTools/usr/bin/c++    -W -Wextra -Wall -Wsign-compare -Wshadow -Wno-unused-parameter -Wno-unused-variable -Woverloaded-virtual -Wnon-virtual-dtor -Wno-missing-field-initializers -Wno-strict-aliasing -std=c++11 -O2 -fno-omit-frame-pointer -momit-leaf-frame-pointer -Werror    -o CMakeFiles/cmTC_58f92.dir/CheckSymbolExists.cxx.o -c /Users/luisocampo/Downloads/TENGUX/build/rocksdb/CMakeFiles/CMakeTmp/CheckSymbolExists.cxx
/Users/luisocampo/Downloads/TENGUX/build/rocksdb/CMakeFiles/CMakeTmp/CheckSymbolExists.cxx:8:19: error: use of undeclared identifier 'sched_getcpu'
  return ((int*)(&sched_getcpu))[argc];
                  ^
1 error generated.
make[1]: *** [CMakeFiles/cmTC_58f92.dir/CheckSymbolExists.cxx.o] Error 1
make: *** [cmTC_58f92/fast] Error 2

File /Users/luisocampo/Downloads/TENGUX/build/rocksdb/CMakeFiles/CMakeTmp/CheckSymbolExists.cxx:
/* */
#include <sched.h>

int main(int argc, char** argv)
{
  (void)argv;
#ifndef sched_getcpu
  return ((int*)(&sched_getcpu))[argc];
#else
  (void)argc;
  return 0;
#endif
}

